<?xml version="1.0" encoding="UTF-8"?>
<TestRun id="20f4e93c-b67f-4232-94c9-76ed4d9ed77c" name="Spark@SPARK-ПК 2015-12-15 22:09:10" runUser="Spark-ПК\Spark" xmlns="http://microsoft.com/schemas/VisualStudio/TeamTest/2010">
  <TestSettings name="Локальные" id="90291a03-567d-4a5f-82a9-2145686a9d4b">
    <Description>Это - параметры по умолчанию для локального тестового запуска.</Description>
    <Deployment enabled="false" runDeploymentRoot="Spark_SPARK-ПК 2015-12-15 22_09_10">
      <DeploymentItem filename="C:\Users\Spark\Desktop\MyUnitTest\bin\Debug\MyUnitTest.exe" />
    </Deployment>
    <Execution>
      <TestTypeSpecific />
      <AgentRule name="Execution Agents">
      </AgentRule>
    </Execution>
  </TestSettings>
  <Times creation="2015-12-15T22:09:10.9308843+03:00" queuing="2015-12-15T22:09:10.9978881+03:00" start="2015-12-15T22:09:11.0018884+03:00" finish="2015-12-15T22:09:11.2159006+03:00" />
  <ResultSummary outcome="Failed">
    <Counters total="1" executed="1" error="0" failed="1" timeout="0" aborted="0" inconclusive="0" passedButRunAborted="0" notRunnable="0" notExecuted="0" disconnected="0" warning="0" passed="0" completed="0" inProgress="0" pending="0" />
  </ResultSummary>
  <TestDefinitions>
    <UnitTest name="TestMethod1" storage="c:\users\spark\desktop\myunittest\testproject1\bin\debug\testproject1.dll" id="59863143-3238-122e-4d8a-637b491cc755">
      <Execution id="a2f8e71d-5703-428e-b91e-828d29c7cd26" />
      <TestMethod codeBase="C:/Users/Spark/Desktop/MyUnitTest/TestProject1/bin/Debug/TestProject1.DLL" adapterTypeName="Microsoft.VisualStudio.TestTools.TestTypes.Unit.UnitTestAdapter, Microsoft.VisualStudio.QualityTools.Tips.UnitTest.Adapter, Version=10.0.0.0, Culture=neutral, PublicKeyToken=b03f5f7f11d50a3a" className="TestProject1.UnitTest1, TestProject1, Version=1.0.0.0, Culture=neutral, PublicKeyToken=null" name="TestMethod1" />
    </UnitTest>
  </TestDefinitions>
  <TestLists>
    <TestList name="Отсутствующие в списке результаты" id="8c84fa94-04c1-424b-9868-57a2d4851a1d" />
    <TestList name="Все загруженные результаты" id="19431567-8539-422a-85d7-44ee4e166bda" />
  </TestLists>
  <TestEntries>
    <TestEntry testId="59863143-3238-122e-4d8a-637b491cc755" executionId="a2f8e71d-5703-428e-b91e-828d29c7cd26" testListId="8c84fa94-04c1-424b-9868-57a2d4851a1d" />
  </TestEntries>
  <Results>
    <UnitTestResult executionId="a2f8e71d-5703-428e-b91e-828d29c7cd26" testId="59863143-3238-122e-4d8a-637b491cc755" testName="TestMethod1" computerName="SPARK-ПК" duration="00:00:00.0324562" startTime="2015-12-15T22:09:11.0108889+03:00" endTime="2015-12-15T22:09:11.2079002+03:00" testType="13cdc9d9-ddb5-4fa4-a97d-d965ccfc6d4b" outcome="Failed" testListId="8c84fa94-04c1-424b-9868-57a2d4851a1d" relativeResultsDirectory="a2f8e71d-5703-428e-b91e-828d29c7cd26">
      <Output>
        <ErrorInfo>
          <Message>Ошибка в Assert.AreNotEqual. Ожидается любое значение, кроме: &lt;0&gt;. Фактически: &lt;0&gt;. </Message>
          <StackTrace>   в TestProject1.UnitTest1.TestMethod1() в C:\Users\Spark\Desktop\MyUnitTest\TestProject1\UnitTest1.cs:строка 17
</StackTrace>
        </ErrorInfo>
      </Output>
    </UnitTestResult>
  </Results>
</TestRun>