<?xml version="1.0" encoding="UTF-8"?>
<TestRun id="bf9f9092-2bca-4b7f-ad82-e595bc3c70dd" name="Spark@SPARK-ПК 2015-12-15 22:09:01" runUser="Spark-ПК\Spark" xmlns="http://microsoft.com/schemas/VisualStudio/TeamTest/2010">
  <TestSettings name="Локальные" id="90291a03-567d-4a5f-82a9-2145686a9d4b">
    <Description>Это - параметры по умолчанию для локального тестового запуска.</Description>
    <Deployment enabled="false" runDeploymentRoot="Spark_SPARK-ПК 2015-12-15 22_09_01">
      <DeploymentItem filename="C:\Users\Spark\Desktop\MyUnitTest\bin\Debug\MyUnitTest.exe" />
    </Deployment>
    <Execution>
      <TestTypeSpecific />
      <AgentRule name="Execution Agents">
      </AgentRule>
    </Execution>
  </TestSettings>
  <Times creation="2015-12-15T22:09:01.3603369+03:00" queuing="2015-12-15T22:09:01.9023679+03:00" start="2015-12-15T22:09:01.9313696+03:00" finish="2015-12-15T22:09:02.2033851+03:00" />
  <ResultSummary outcome="Completed">
    <Counters total="1" executed="1" passed="1" error="0" failed="0" timeout="0" aborted="0" inconclusive="0" passedButRunAborted="0" notRunnable="0" notExecuted="0" disconnected="0" warning="0" completed="0" inProgress="0" pending="0" />
  </ResultSummary>
  <TestDefinitions>
    <UnitTest name="TestMethod1" storage="c:\users\spark\desktop\myunittest\testproject1\bin\debug\testproject1.dll" id="59863143-3238-122e-4d8a-637b491cc755">
      <Execution id="3620b98a-b0ec-4277-a257-4c38c1cc76d5" />
      <TestMethod codeBase="C:/Users/Spark/Desktop/MyUnitTest/TestProject1/bin/Debug/TestProject1.DLL" adapterTypeName="Microsoft.VisualStudio.TestTools.TestTypes.Unit.UnitTestAdapter, Microsoft.VisualStudio.QualityTools.Tips.UnitTest.Adapter, Version=10.0.0.0, Culture=neutral, PublicKeyToken=b03f5f7f11d50a3a" className="TestProject1.UnitTest1, TestProject1, Version=1.0.0.0, Culture=neutral, PublicKeyToken=null" name="TestMethod1" />
    </UnitTest>
  </TestDefinitions>
  <TestLists>
    <TestList name="Отсутствующие в списке результаты" id="8c84fa94-04c1-424b-9868-57a2d4851a1d" />
    <TestList name="Все загруженные результаты" id="19431567-8539-422a-85d7-44ee4e166bda" />
  </TestLists>
  <TestEntries>
    <TestEntry testId="59863143-3238-122e-4d8a-637b491cc755" executionId="3620b98a-b0ec-4277-a257-4c38c1cc76d5" testListId="8c84fa94-04c1-424b-9868-57a2d4851a1d" />
  </TestEntries>
  <Results>
    <UnitTestResult executionId="3620b98a-b0ec-4277-a257-4c38c1cc76d5" testId="59863143-3238-122e-4d8a-637b491cc755" testName="TestMethod1" computerName="SPARK-ПК" duration="00:00:00.0110890" startTime="2015-12-15T22:09:01.9543709+03:00" endTime="2015-12-15T22:09:02.1723834+03:00" testType="13cdc9d9-ddb5-4fa4-a97d-d965ccfc6d4b" outcome="Passed" testListId="8c84fa94-04c1-424b-9868-57a2d4851a1d" relativeResultsDirectory="3620b98a-b0ec-4277-a257-4c38c1cc76d5">
    </UnitTestResult>
  </Results>
</TestRun>